[   101.528] (--) Log file renamed from "/home/ubuntu/.local/share/xorg/Xorg.pid-1990.log" to "/home/ubuntu/.local/share/xorg/Xorg.0.log"
[   101.560] 
X.Org X Server 1.21.1.11
X Protocol Version 11, Revision 0
[   101.560] Current Operating System: Linux ubuntu 6.17.0-14-generic #14~24.04.1-Ubuntu SMP PREEMPT_DYNAMIC Thu Jan 15 15:52:10 UTC 2 x86_64
[   101.560] Kernel command line: BOOT_IMAGE=/casper/vmlinuz --- quiet splash
[   101.560] xorg-server 2:21.1.12-1ubuntu1.5 (For technical support please see http://www.ubuntu.com/support) 
[   101.560] Current version of pixman: 0.42.2
[   101.560] 	Before reporting problems, check http://wiki.x.org
	to make sure that you have the latest version.
[   101.560] Markers: (--) probed, (**) from config file, (==) default setting,
	(++) from command line, (!!) notice, (II) informational,
	(WW) warning, (EE) error, (NI) not implemented, (??) unknown.
[   101.560] (==) Log file: "/home/ubuntu/.local/share/xorg/Xorg.0.log", Time: Mon Apr  6 19:59:36 2026
[   101.562] (==) Using system config directory "/usr/share/X11/xorg.conf.d"
[   101.562] (==) No Layout section.  Using the first Screen section.
[   101.562] (==) No screen section available. Using defaults.
[   101.562] (**) |-->Screen "Default Screen Section" (0)
[   101.562] (**) |   |-->Monitor "<default monitor>"
[   101.562] (==) No monitor specified for screen "Default Screen Section".
	Using a default monitor configuration.
[   101.562] (**) Allowing byte-swapped clients
[   101.562] (==) Automatically adding devices
[   101.562] (==) Automatically enabling devices
[   101.562] (==) Automatically adding GPU devices
[   101.562] (==) Automatically binding GPU devices
[   101.562] (==) Max clients allowed: 256, resource mask: 0x1fffff
[   101.562] (WW) The directory "/usr/share/fonts/X11/cyrillic" does not exist.
[   101.562] 	Entry deleted from font path.
[   101.562] (WW) The directory "/usr/share/fonts/X11/100dpi/" does not exist.
[   101.562] 	Entry deleted from font path.
[   101.562] (WW) The directory "/usr/share/fonts/X11/75dpi/" does not exist.
[   101.562] 	Entry deleted from font path.
[   101.562] (WW) The directory "/usr/share/fonts/X11/100dpi" does not exist.
[   101.562] 	Entry deleted from font path.
[   101.562] (WW) The directory "/usr/share/fonts/X11/75dpi" does not exist.
[   101.562] 	Entry deleted from font path.
[   101.562] (==) FontPath set to:
	/usr/share/fonts/X11/misc,
	/usr/share/fonts/X11/Type1,
	built-ins
[   101.562] (==) ModulePath set to "/usr/lib/xorg/modules"
[   101.562] (II) The server relies on udev to provide the list of input devices.
	If no devices become available, reconfigure udev or disable AutoAddDevices.
[   101.562] (II) Loader magic: 0x651612d77020
[   101.562] (II) Module ABI versions:
[   101.562] 	X.Org ANSI C Emulation: 0.4
[   101.562] 	X.Org Video Driver: 25.2
[   101.562] 	X.Org XInput driver : 24.4
[   101.562] 	X.Org Server Extension : 10.0
[   101.586] (++) using VT number 2

[   101.618] (II) systemd-logind: took control of session /org/freedesktop/login1/session/_31
[   101.622] (II) xfree86: Adding drm device (/dev/dri/card0)
[   101.622] (II) Platform probe for /sys/devices/pci0000:00/0000:00:02.0/drm/card0
[   101.627] (II) systemd-logind: got fd for /dev/dri/card0 226:0 fd 14 paused 0
[   101.627] (--) PCI:*(0@0:2:0) 15ad:0405:15ad:0405 rev 0, Mem @ 0xe0000000/16777216, 0xf0000000/2097152, I/O @ 0x0000d010/16, BIOS @ 0x????????/131072
[   101.627] (II) LoadModule: "glx"
[   101.627] (II) Loading /usr/lib/xorg/modules/extensions/libglx.so
[   101.627] (II) Module glx: vendor="X.Org Foundation"
[   101.627] 	compiled for 1.21.1.11, module version = 1.0.0
[   101.627] 	ABI class: X.Org Server Extension, version 10.0
[   101.627] (==) Matched vmware as autoconfigured driver 0
[   101.627] (==) Matched modesetting as autoconfigured driver 1
[   101.627] (==) Matched fbdev as autoconfigured driver 2
[   101.627] (==) Matched vesa as autoconfigured driver 3
[   101.627] (==) Assigned the driver to the xf86ConfigLayout
[   101.627] (II) LoadModule: "vmware"
[   101.627] (II) Loading /usr/lib/xorg/modules/drivers/vmware_drv.so
[   109.219] (II) Module vmware: vendor="X.Org Foundation"
[   109.219] 	compiled for 1.21.1.11, module version = 13.4.0
[   109.219] 	Module class: X.Org Video Driver
[   109.219] 	ABI class: X.Org Video Driver, version 25.2
[   109.219] (II) LoadModule: "modesetting"
[   109.219] (II) Loading /usr/lib/xorg/modules/drivers/modesetting_drv.so
[   109.227] (II) Module modesetting: vendor="X.Org Foundation"
[   109.227] 	compiled for 1.21.1.11, module version = 1.21.1
[   109.227] 	Module class: X.Org Video Driver
[   109.227] 	ABI class: X.Org Video Driver, version 25.2
[   109.227] (II) LoadModule: "fbdev"
[   109.227] (II) Loading /usr/lib/xorg/modules/drivers/fbdev_drv.so
[   109.227] (II) Module fbdev: vendor="X.Org Foundation"
[   109.227] 	compiled for 1.21.1.11, module version = 0.5.0
[   109.227] 	Module class: X.Org Video Driver
[   109.227] 	ABI class: X.Org Video Driver, version 25.2
[   109.227] (II) LoadModule: "vesa"
[   109.227] (II) Loading /usr/lib/xorg/modules/drivers/vesa_drv.so
[   109.245] (II) Module vesa: vendor="X.Org Foundation"
[   109.245] 	compiled for 1.21.1.11, module version = 2.6.0
[   109.245] 	Module class: X.Org Video Driver
[   109.245] 	ABI class: X.Org Video Driver, version 25.2
[   109.245] (II) vmware: driver for VMware SVGA: vmware0405, vmware0710
[   109.247] (II) modesetting: Driver for Modesetting Kernel Drivers: kms
[   109.248] (II) FBDEV: driver for framebuffer: fbdev
[   109.250] (II) VESA: driver for VESA chipsets: vesa
[   109.250] xf86EnableIO: failed to enable I/O ports 0000-03ff (Operation not permitted)
[   109.250] (WW) Falling back to old probe method for modesetting
[   109.252] (WW) Falling back to old probe method for fbdev
[   109.252] (II) Loading sub module "fbdevhw"
[   109.252] (II) LoadModule: "fbdevhw"
[   109.252] (II) Loading /usr/lib/xorg/modules/libfbdevhw.so
[   109.252] (II) Module fbdevhw: vendor="X.Org Foundation"
[   109.252] 	compiled for 1.21.1.11, module version = 0.0.2
[   109.252] 	ABI class: X.Org Video Driver, version 25.2
[   109.252] (EE) open /dev/fb0: Permission denied
[   109.252] (WW) VGA arbiter: cannot open kernel arbiter, no multi-card support
[   109.252] (II) vmware(0): Creating default Display subsection in Screen section
	"Default Screen Section" for depth/fbbpp 24/32
[   109.252] (--) vmware(0): DRM driver version is 2.21.0
[   109.252] (==) vmware(0): Depth 24, (--) framebuffer bpp 32
[   109.252] (==) vmware(0): RGB weight 888
[   109.252] (==) vmware(0): Default visual is TrueColor
[   109.252] (--) vmware(0): Min width 1, Max Width 16384.
[   109.252] (--) vmware(0): Min height 1, Max Height 16384.
[   109.252] (II) vmware(0): Output Virtual1 has no monitor section
[   109.252] (II) vmware(0): Output Virtual2 has no monitor section
[   109.252] (II) vmware(0): Output Virtual3 has no monitor section
[   109.252] (II) vmware(0): Output Virtual4 has no monitor section
[   109.252] (II) vmware(0): Output Virtual5 has no monitor section
[   109.252] (II) vmware(0): Output Virtual6 has no monitor section
[   109.252] (II) vmware(0): Output Virtual7 has no monitor section
[   109.252] (II) vmware(0): Output Virtual8 has no monitor section
[   109.252] (II) vmware(0): Printing probed modes for output Virtual1
[   109.252] (II) vmware(0): Modeline "1280x800"x60.0   81.51  1280 1330 1380 1430  800 850 900 950 -hsync +vsync (57.0 kHz eP)
[   109.252] (II) vmware(0): Modeline "1920x1440"x60.0  234.00  1920 2048 2256 2600  1440 1441 1444 1500 -hsync +vsync (90.0 kHz e)
[   109.252] (II) vmware(0): Modeline "1856x1392"x60.0  218.25  1856 1952 2176 2528  1392 1393 1396 1439 -hsync +vsync (86.3 kHz e)
[   109.252] (II) vmware(0): Modeline "1792x1344"x60.0  204.75  1792 1920 2120 2448  1344 1345 1348 1394 -hsync +vsync (83.6 kHz e)
[   109.252] (II) vmware(0): Modeline "2048x1152"x60.0  162.00  2048 2074 2154 2250  1152 1153 1156 1200 +hsync +vsync (72.0 kHz e)
[   109.252] (II) vmware(0): Modeline "1920x1200"x59.9  193.25  1920 2056 2256 2592  1200 1203 1209 1245 -hsync +vsync (74.6 kHz e)
[   109.252] (II) vmware(0): Modeline "1920x1200"x60.0  154.00  1920 1968 2000 2080  1200 1203 1209 1235 +hsync -vsync (74.0 kHz e)
[   109.252] (II) vmware(0): Modeline "1920x1080"x60.0  148.50  1920 2008 2052 2200  1080 1084 1089 1125 -hsync -vsync (67.5 kHz e)
[   109.252] (II) vmware(0): Modeline "1600x1200"x60.0  162.00  1600 1664 1856 2160  1200 1201 1204 1250 +hsync +vsync (75.0 kHz e)
[   109.252] (II) vmware(0): Modeline "1680x1050"x60.0  146.25  1680 1784 1960 2240  1050 1053 1059 1089 -hsync +vsync (65.3 kHz e)
[   109.252] (II) vmware(0): Modeline "1680x1050"x59.9  119.00  1680 1728 1760 1840  1050 1053 1059 1080 +hsync -vsync (64.7 kHz e)
[   109.252] (II) vmware(0): Modeline "1400x1050"x60.0  121.75  1400 1488 1632 1864  1050 1053 1057 1089 -hsync +vsync (65.3 kHz e)
[   109.252] (II) vmware(0): Modeline "1400x1050"x59.9  101.00  1400 1448 1480 1560  1050 1053 1057 1080 +hsync -vsync (64.7 kHz e)
[   109.252] (II) vmware(0): Modeline "1600x900"x60.0  108.00  1600 1624 1704 1800  900 901 904 1000 +hsync +vsync (60.0 kHz e)
[   109.252] (II) vmware(0): Modeline "1280x1024"x60.0  108.00  1280 1328 1440 1688  1024 1025 1028 1066 +hsync +vsync (64.0 kHz e)
[   109.252] (II) vmware(0): Modeline "1440x900"x59.9  106.50  1440 1520 1672 1904  900 903 909 934 -hsync +vsync (55.9 kHz e)
[   109.252] (II) vmware(0): Modeline "1440x900"x59.9   88.75  1440 1488 1520 1600  900 903 909 926 +hsync -vsync (55.5 kHz e)
[   109.252] (II) vmware(0): Modeline "1280x960"x60.0  108.00  1280 1376 1488 1800  960 961 964 1000 +hsync +vsync (60.0 kHz e)
[   109.252] (II) vmware(0): Modeline "1366x768"x59.8   85.50  1366 1436 1579 1792  768 771 774 798 +hsync +vsync (47.7 kHz e)
[   109.252] (II) vmware(0): Modeline "1366x768"x60.0   72.00  1366 1380 1436 1500  768 769 772 800 +hsync +vsync (48.0 kHz e)
[   109.252] (II) vmware(0): Modeline "1360x768"x60.0   85.50  1360 1424 1536 1792  768 771 777 795 +hsync +vsync (47.7 kHz e)
[   109.252] (II) vmware(0): Modeline "1280x800"x59.8   83.50  1280 1352 1480 1680  800 803 809 831 -hsync +vsync (49.7 kHz e)
[   109.252] (II) vmware(0): Modeline "1280x800"x59.9   71.00  1280 1328 1360 1440  800 803 809 823 +hsync -vsync (49.3 kHz e)
[   109.252] (II) vmware(0): Modeline "1280x768"x59.9   79.50  1280 1344 1472 1664  768 771 778 798 -hsync +vsync (47.8 kHz e)
[   109.252] (II) vmware(0): Modeline "1280x768"x60.0   68.25  1280 1328 1360 1440  768 771 778 790 +hsync -vsync (47.4 kHz e)
[   109.252] (II) vmware(0): Modeline "1280x720"x60.0   74.25  1280 1390 1430 1650  720 725 730 750 +hsync +vsync (45.0 kHz e)
[   109.252] (II) vmware(0): Modeline "1024x768"x60.0   65.00  1024 1048 1184 1344  768 771 777 806 -hsync -vsync (48.4 kHz e)
[   109.252] (II) vmware(0): Modeline "800x600"x60.3   40.00  800 840 968 1056  600 601 605 628 +hsync +vsync (37.9 kHz e)
[   109.252] (II) vmware(0): Modeline "800x600"x56.2   36.00  800 824 896 1024  600 601 603 625 +hsync +vsync (35.2 kHz e)
[   109.252] (II) vmware(0): Modeline "848x480"x60.0   33.75  848 864 976 1088  480 486 494 517 +hsync +vsync (31.0 kHz e)
[   109.252] (II) vmware(0): Modeline "640x480"x59.9   25.18  640 656 752 800  480 490 492 525 -hsync -vsync (31.5 kHz e)
[   109.252] (II) vmware(0): EDID for output Virtual2
[   109.252] (II) vmware(0): EDID for output Virtual3
[   109.252] (II) vmware(0): EDID for output Virtual4
[   109.252] (II) vmware(0): EDID for output Virtual5
[   109.252] (II) vmware(0): EDID for output Virtual6
[   109.252] (II) vmware(0): EDID for output Virtual7
[   109.252] (II) vmware(0): EDID for output Virtual8
[   109.252] (II) vmware(0): Output Virtual1 connected
[   109.252] (II) vmware(0): Output Virtual2 disconnected
[   109.252] (II) vmware(0): Output Virtual3 disconnected
[   109.252] (II) vmware(0): Output Virtual4 disconnected
[   109.252] (II) vmware(0): Output Virtual5 disconnected
[   109.252] (II) vmware(0): Output Virtual6 disconnected
[   109.252] (II) vmware(0): Output Virtual7 disconnected
[   109.252] (II) vmware(0): Output Virtual8 disconnected
[   109.252] (II) vmware(0): Using exact sizes for initial modes
[   109.252] (II) vmware(0): Output Virtual1 using initial mode 1280x800 +0+0
[   109.252] (==) vmware(0): DPI set to (96, 96)
[   109.252] (==) vmware(0): Using gamma correction (1.0, 1.0, 1.0)
[   109.252] (II) Loading sub module "fb"
[   109.252] (II) LoadModule: "fb"
[   109.252] (II) Module "fb" already built-in
[   109.252] (II) Loading sub module "dri2"
[   109.252] (II) LoadModule: "dri2"
[   109.252] (II) Module "dri2" already built-in
[   109.252] (II) Loading sub module "dri3"
[   109.252] (II) LoadModule: "dri3"
[   109.252] (II) Module "dri3" already built-in
[   109.252] (II) UnloadModule: "modesetting"
[   109.252] (II) Unloading modesetting
[   109.252] (II) UnloadModule: "fbdev"
[   109.252] (II) Unloading fbdev
[   109.252] (II) UnloadSubModule: "fbdevhw"
[   109.252] (II) Unloading fbdevhw
[   109.252] (II) UnloadModule: "vesa"
[   109.252] (II) Unloading vesa
[   109.252] (II) vmware(0): Initialized VMWARE_CTRL extension version 0.2
[   109.252] (WW) vmware(0): Failed to initialize Gallium3D Xa. No render acceleration available.
[   109.252] (WW) vmware(0): Skipped initialization of direct rendering due to lack of render acceleration.
[   109.252] (--) vmware(0): Render acceleration is disabled.
[   109.252] (==) vmware(0): Rendercheck mode is disabled.
[   109.252] (--) vmware(0): Direct rendering (DRI2 3D) is disabled.
[   109.252] (--) vmware(0): Direct rendering (DRI3 3D) is disabled.
[   109.252] (==) vmware(0): Backing store enabled
[   109.252] (==) vmware(0): Silken mouse enabled
[   109.252] (==) vmware(0): DPMS enabled
[   109.252] (II) vmware(0): No 3D acceleration. Not setting up textured video.
[   109.252] (WW) vmware(0): Disabling Xv because no adaptors could be initialized.
[   109.252] (II) Initializing extension Generic Event Extension
[   109.252] (II) Initializing extension SHAPE
[   109.252] (II) Initializing extension MIT-SHM
[   109.252] (II) Initializing extension XInputExtension
[   109.252] (II) Initializing extension XTEST
[   109.252] (II) Initializing extension BIG-REQUESTS
[   109.252] (II) Initializing extension SYNC
[   109.252] (II) Initializing extension XKEYBOARD
[   109.252] (II) Initializing extension XC-MISC
[   109.252] (II) Initializing extension SECURITY
[   109.252] (II) Initializing extension XFIXES
[   109.252] (II) Initializing extension RENDER
[   109.252] (II) Initializing extension RANDR
[   109.252] (II) Initializing extension COMPOSITE
[   109.252] (II) Initializing extension DAMAGE
[   109.252] (II) Initializing extension MIT-SCREEN-SAVER
[   109.252] (II) Initializing extension DOUBLE-BUFFER
[   109.252] (II) Initializing extension RECORD
[   109.252] (II) Initializing extension DPMS
[   109.252] (II) Initializing extension Present
[   109.252] (II) Initializing extension DRI3
[   109.252] (II) Initializing extension X-Resource
[   109.252] (II) Initializing extension XVideo
[   109.252] (II) Initializing extension XVideo-MotionCompensation
[   109.252] (II) Initializing extension SELinux
[   109.252] (II) SELinux: Disabled on system
[   109.252] (II) Initializing extension GLX
[   109.252] (II) AIGLX: Screen 0 is not DRI2 capable
[   111.174] (II) IGLX: Loaded and initialized swrast
[   111.174] (II) GLX: Initialized DRISWRAST GL provider for screen 0
[   111.176] (II) Initializing extension XFree86-VidModeExtension
[   111.178] (II) Initializing extension XFree86-DGA
[   111.178] (II) Initializing extension XFree86-DRI
[   111.178] (II) Initializing extension DRI2
[   111.178] (II) vmware(0): Setting screen physical size to 338 x 211
[   111.472] (II) config/udev: Adding input device Power Button (/dev/input/event0)
[   111.472] (**) Power Button: Applying InputClass "libinput keyboard catchall"
[   111.472] (II) LoadModule: "libinput"
[   111.531] (II) Loading /usr/lib/xorg/modules/input/libinput_drv.so
[   111.531] (II) Module libinput: vendor="X.Org Foundation"
[   111.531] 	compiled for 1.21.1.11, module version = 1.4.0
[   111.531] 	Module class: X.Org XInput Driver
[   111.531] 	ABI class: X.Org XInput driver, version 24.4
[   111.531] (II) Using input driver 'libinput' for 'Power Button'
[   111.550] (II) systemd-logind: got fd for /dev/input/event0 13:64 fd 22 paused 0
[   111.550] (**) Power Button: always reports core events
[   111.550] (**) Option "Device" "/dev/input/event0"
[   111.550] (II) event0  - Power Button: is tagged by udev as: Keyboard
[   111.550] (II) event0  - Power Button: device is a keyboard
[   111.550] (II) event0  - Power Button: device removed
[   111.550] (**) Option "config_info" "udev:/sys/devices/LNXSYSTM:00/LNXPWRBN:00/input/input0/event0"
[   111.550] (II) XINPUT: Adding extended input device "Power Button" (type: KEYBOARD, id 6)
[   111.550] (**) Option "xkb_model" "pc105"
[   111.550] (**) Option "xkb_layout" "us"
[   111.550] (II) event0  - Power Button: is tagged by udev as: Keyboard
[   111.550] (II) event0  - Power Button: device is a keyboard
[   111.550] (II) config/udev: Adding input device Sleep Button (/dev/input/event1)
[   111.550] (**) Sleep Button: Applying InputClass "libinput keyboard catchall"
[   111.550] (II) Using input driver 'libinput' for 'Sleep Button'
[   111.592] (II) systemd-logind: got fd for /dev/input/event1 13:65 fd 25 paused 0
[   111.595] (**) Sleep Button: always reports core events
[   111.596] (**) Option "Device" "/dev/input/event1"
[   111.617] (II) event1  - Sleep Button: is tagged by udev as: Keyboard
[   111.618] (II) event1  - Sleep Button: device is a keyboard
[   111.623] (II) event1  - Sleep Button: device removed
[   111.625] (**) Option "config_info" "udev:/sys/devices/LNXSYSTM:00/LNXSLPBN:00/input/input1/event1"
[   111.625] (II) XINPUT: Adding extended input device "Sleep Button" (type: KEYBOARD, id 7)
[   111.625] (**) Option "xkb_model" "pc105"
[   111.625] (**) Option "xkb_layout" "us"
[   111.625] (II) event1  - Sleep Button: is tagged by udev as: Keyboard
[   111.625] (II) event1  - Sleep Button: device is a keyboard
[   111.625] (II) config/udev: Adding input device Video Bus (/dev/input/event3)
[   111.625] (**) Video Bus: Applying InputClass "libinput keyboard catchall"
[   111.625] (II) Using input driver 'libinput' for 'Video Bus'
[   111.636] (II) systemd-logind: got fd for /dev/input/event3 13:67 fd 26 paused 0
[   111.636] (**) Video Bus: always reports core events
[   111.636] (**) Option "Device" "/dev/input/event3"
[   111.637] (II) event3  - Video Bus: is tagged by udev as: Keyboard
[   111.637] (II) event3  - Video Bus: device is a keyboard
[   111.637] (II) event3  - Video Bus: device removed
[   111.637] (**) Option "config_info" "udev:/sys/devices/LNXSYSTM:00/LNXSYBUS:00/PNP0A03:00/LNXVIDEO:00/input/input4/event3"
[   111.637] (II) XINPUT: Adding extended input device "Video Bus" (type: KEYBOARD, id 8)
[   111.637] (**) Option "xkb_model" "pc105"
[   111.637] (**) Option "xkb_layout" "us"
[   111.637] (II) event3  - Video Bus: is tagged by udev as: Keyboard
[   111.637] (II) event3  - Video Bus: device is a keyboard
[   111.637] (II) config/udev: Adding input device VirtualBox mouse integration (/dev/input/event6)
[   111.637] (**) VirtualBox mouse integration: Applying InputClass "libinput pointer catchall"
[   111.637] (II) Using input driver 'libinput' for 'VirtualBox mouse integration'
[   111.654] (II) systemd-logind: got fd for /dev/input/event6 13:70 fd 27 paused 0
[   111.658] (**) VirtualBox mouse integration: always reports core events
[   111.658] (**) Option "Device" "/dev/input/event6"
[   111.658] (II) event6  - VirtualBox mouse integration: is tagged by udev as: Mouse
[   111.658] (II) event6  - VirtualBox mouse integration: device is a pointer
[   111.658] (II) event6  - VirtualBox mouse integration: device removed
[   111.658] (**) Option "config_info" "udev:/sys/devices/pci0000:00/0000:00:04.0/input/input7/event6"
[   111.658] (II) XINPUT: Adding extended input device "VirtualBox mouse integration" (type: MOUSE, id 9)
[   111.658] (**) Option "AccelerationScheme" "none"
[   111.658] (**) VirtualBox mouse integration: (accel) selected scheme none/0
[   111.658] (**) VirtualBox mouse integration: (accel) acceleration factor: 2.000
[   111.658] (**) VirtualBox mouse integration: (accel) acceleration threshold: 4
[   111.664] (II) event6  - VirtualBox mouse integration: is tagged by udev as: Mouse
[   111.664] (II) event6  - VirtualBox mouse integration: device is a pointer
[   111.664] (II) config/udev: Adding input device VirtualBox mouse integration (/dev/input/js1)
[   111.664] (II) No input driver specified, ignoring this device.
[   111.664] (II) This device may have been added with another device file.
[   111.664] (II) config/udev: Adding input device VirtualBox mouse integration (/dev/input/mouse2)
[   111.664] (II) No input driver specified, ignoring this device.
[   111.664] (II) This device may have been added with another device file.
[   111.664] (II) config/udev: Adding input device VirtualBox USB Tablet (/dev/input/event5)
[   111.664] (**) VirtualBox USB Tablet: Applying InputClass "libinput pointer catchall"
[   111.664] (II) Using input driver 'libinput' for 'VirtualBox USB Tablet'
[   111.721] (II) systemd-logind: got fd for /dev/input/event5 13:69 fd 28 paused 0
[   111.721] (**) VirtualBox USB Tablet: always reports core events
[   111.721] (**) Option "Device" "/dev/input/event5"
[   111.721] (II) event5  - VirtualBox USB Tablet: is tagged by udev as: Mouse
[   111.721] (II) event5  - VirtualBox USB Tablet: device is a pointer
[   111.721] (II) event5  - VirtualBox USB Tablet: device removed
[   111.721] (**) Option "config_info" "udev:/sys/devices/pci0000:00/0000:00:06.0/usb1/1-1/1-1:1.0/0003:80EE:0021.0001/input/input6/event5"
[   111.721] (II) XINPUT: Adding extended input device "VirtualBox USB Tablet" (type: MOUSE, id 10)
[   111.730] (**) Option "AccelerationScheme" "none"
[   111.730] (**) VirtualBox USB Tablet: (accel) selected scheme none/0
[   111.730] (**) VirtualBox USB Tablet: (accel) acceleration factor: 2.000
[   111.730] (**) VirtualBox USB Tablet: (accel) acceleration threshold: 4
[   111.730] (II) event5  - VirtualBox USB Tablet: is tagged by udev as: Mouse
[   111.730] (II) event5  - VirtualBox USB Tablet: device is a pointer
[   111.737] (II) config/udev: Adding input device VirtualBox USB Tablet (/dev/input/js0)
[   111.737] (II) No input driver specified, ignoring this device.
[   111.737] (II) This device may have been added with another device file.
[   111.737] (II) config/udev: Adding input device VirtualBox USB Tablet (/dev/input/mouse1)
[   111.737] (II) No input driver specified, ignoring this device.
[   111.737] (II) This device may have been added with another device file.
[   111.737] (II) config/udev: Adding input device AT Translated Set 2 keyboard (/dev/input/event2)
[   111.737] (**) AT Translated Set 2 keyboard: Applying InputClass "libinput keyboard catchall"
[   111.737] (II) Using input driver 'libinput' for 'AT Translated Set 2 keyboard'
[   111.750] (II) systemd-logind: got fd for /dev/input/event2 13:66 fd 29 paused 0
[   111.750] (**) AT Translated Set 2 keyboard: always reports core events
[   111.750] (**) Option "Device" "/dev/input/event2"
[   111.750] (II) event2  - AT Translated Set 2 keyboard: is tagged by udev as: Keyboard
[   111.750] (II) event2  - AT Translated Set 2 keyboard: device is a keyboard
[   111.750] (II) event2  - AT Translated Set 2 keyboard: device removed
[   111.750] (**) Option "config_info" "udev:/sys/devices/platform/i8042/serio0/input/input2/event2"
[   111.750] (II) XINPUT: Adding extended input device "AT Translated Set 2 keyboard" (type: KEYBOARD, id 11)
[   111.750] (**) Option "xkb_model" "pc105"
[   111.750] (**) Option "xkb_layout" "us"
[   111.759] (II) event2  - AT Translated Set 2 keyboard: is tagged by udev as: Keyboard
[   111.759] (II) event2  - AT Translated Set 2 keyboard: device is a keyboard
[   111.759] (II) config/udev: Adding input device ImExPS/2 Generic Explorer Mouse (/dev/input/event4)
[   111.759] (**) ImExPS/2 Generic Explorer Mouse: Applying InputClass "libinput pointer catchall"
[   111.759] (II) Using input driver 'libinput' for 'ImExPS/2 Generic Explorer Mouse'
[   111.765] (II) systemd-logind: got fd for /dev/input/event4 13:68 fd 30 paused 0
[   111.766] (**) ImExPS/2 Generic Explorer Mouse: always reports core events
[   111.766] (**) Option "Device" "/dev/input/event4"
[   111.769] (II) event4  - ImExPS/2 Generic Explorer Mouse: is tagged by udev as: Mouse
[   111.769] (II) event4  - ImExPS/2 Generic Explorer Mouse: device is a pointer
[   111.769] (II) event4  - ImExPS/2 Generic Explorer Mouse: device removed
[   111.769] (II) libinput: ImExPS/2 Generic Explorer Mouse: Step value 0 was provided, libinput Fallback acceleration function is used.
[   111.769] (II) libinput: ImExPS/2 Generic Explorer Mouse: Step value 0 was provided, libinput Fallback acceleration function is used.
[   111.769] (II) libinput: ImExPS/2 Generic Explorer Mouse: Step value 0 was provided, libinput Fallback acceleration function is used.
[   111.769] (**) Option "config_info" "udev:/sys/devices/platform/i8042/serio1/input/input5/event4"
[   111.769] (II) XINPUT: Adding extended input device "ImExPS/2 Generic Explorer Mouse" (type: MOUSE, id 12)
[   111.769] (**) Option "AccelerationScheme" "none"
[   111.769] (**) ImExPS/2 Generic Explorer Mouse: (accel) selected scheme none/0
[   111.769] (**) ImExPS/2 Generic Explorer Mouse: (accel) acceleration factor: 2.000
[   111.769] (**) ImExPS/2 Generic Explorer Mouse: (accel) acceleration threshold: 4
[   111.769] (II) event4  - ImExPS/2 Generic Explorer Mouse: is tagged by udev as: Mouse
[   111.769] (II) event4  - ImExPS/2 Generic Explorer Mouse: device is a pointer
[   111.779] (II) config/udev: Adding input device ImExPS/2 Generic Explorer Mouse (/dev/input/mouse0)
[   111.779] (II) No input driver specified, ignoring this device.
[   111.779] (II) This device may have been added with another device file.
[   164.224] (EE) event6  - VirtualBox mouse integration: client bug: event processing lagging behind by 83ms, your system is too slow
[   181.780] (EE) event6  - VirtualBox mouse integration: client bug: event processing lagging behind by 31ms, your system is too slow
[   187.318] (EE) event6  - VirtualBox mouse integration: client bug: event processing lagging behind by 44ms, your system is too slow
[   193.525] (EE) event6  - VirtualBox mouse integration: client bug: event processing lagging behind by 45ms, your system is too slow
[   214.470] (EE) event6  - VirtualBox mouse integration: client bug: event processing lagging behind by 34ms, your system is too slow
[   214.470] (EE) event6  - VirtualBox mouse integration: WARNING: log rate limit exceeded (5 msgs per 60min). Discarding future messages.
